<?xml version="1.0" encoding="UTF-8" ?>
<testsuite failures="0" time="4.19" errors="0" skipped="0" tests="9" name="org.nacfuk.membermgt.PersonIntegrationTest">
  <properties>
[...]
</properties>
  <testcase time="3.941" classname="org.nacfuk.membermgt.PersonIntegrationTest" name="testFindAllPeople"/>
  <testcase time="0.019" classname="org.nacfuk.membermgt.PersonIntegrationTest" name="testFindPersonEntries"/>
  <testcase time="0.035" classname="org.nacfuk.membermgt.PersonIntegrationTest" name="testMergeUpdate"/>
  <testcase time="0.032" classname="org.nacfuk.membermgt.PersonIntegrationTest" name="testFindPerson"/>
  <testcase time="0.034" classname="org.nacfuk.membermgt.PersonIntegrationTest" name="testCountPeople"/>
  <testcase time="0.004" classname="org.nacfuk.membermgt.PersonIntegrationTest" name="testMarkerMethod"/>
  <testcase time="0.054" classname="org.nacfuk.membermgt.PersonIntegrationTest" name="testRemove"/>
  <testcase time="0.033" classname="org.nacfuk.membermgt.PersonIntegrationTest" name="testPersist"/>
  <testcase time="0.038" classname="org.nacfuk.membermgt.PersonIntegrationTest" name="testFlush"/>
</testsuite>